Start testing: Apr 15 22:11 CST
----------------------------------------------------------
1/3 Testing: test_gf_field
1/3 Test: test_gf_field
Command: "/Users/raspberry/developProject/Bluray-Vault/tools/build/test/test_gf_field"
Directory: /Users/raspberry/developProject/Bluray-Vault/tools/build/test
"test_gf_field" start time: Apr 15 22:11 CST
Output:
----------------------------------------------------------
=== GF Field Initialization Tests ===


=== Results: 30 passed, 0 failed ===
<end of output>
Test time =   0.70 sec
----------------------------------------------------------
Test Passed.
"test_gf_field" end time: Apr 15 22:11 CST
"test_gf_field" time elapsed: 00:00:00
----------------------------------------------------------

2/3 Testing: test_encode_decode
2/3 Test: test_encode_decode
Command: "/Users/raspberry/developProject/Bluray-Vault/tools/build/test/test_encode_decode"
Directory: /Users/raspberry/developProject/Bluray-Vault/tools/build/test
"test_encode_decode" start time: Apr 15 22:11 CST
Output:
----------------------------------------------------------
=== Encode/Decode Roundtrip Tests ===


=== Results: 17 passed, 0 failed ===
<end of output>
Test time =   0.50 sec
----------------------------------------------------------
Test Passed.
"test_encode_decode" end time: Apr 15 22:11 CST
"test_encode_decode" time elapsed: 00:00:00
----------------------------------------------------------

3/3 Testing: test_edge_cases
3/3 Test: test_edge_cases
Command: "/Users/raspberry/developProject/Bluray-Vault/tools/build/test/test_edge_cases"
Directory: /Users/raspberry/developProject/Bluray-Vault/tools/build/test
"test_edge_cases" start time: Apr 15 22:11 CST
Output:
----------------------------------------------------------
=== Edge Case & Boundary Tests ===


=== Results: 24 passed, 0 failed ===
<end of output>
Test time =   0.35 sec
----------------------------------------------------------
Test Passed.
"test_edge_cases" end time: Apr 15 22:11 CST
"test_edge_cases" time elapsed: 00:00:00
----------------------------------------------------------

End testing: Apr 15 22:11 CST
